\BOOKMARK [1][-]{section.1}{\376\377\000I\000n\000t\000r\000o\000d\000u\000c\000t\000i\000o\000n}{}% 1
\BOOKMARK [2][-]{subsection.1.1}{\376\377\000P\000r\000o\000b\000l\000e\000m\000\040\000d\000e\000s\000c\000r\000i\000p\000t\000i\000o\000n}{section.1}% 2
\BOOKMARK [2][-]{subsection.1.2}{\376\377\000D\000a\000t\000a\000s\000e\000t\000\040\000a\000n\000d\000\040\000f\000e\000a\000t\000u\000r\000e\000s}{section.1}% 3
\BOOKMARK [2][-]{subsection.1.3}{\376\377\000G\000o\000a\000l\000s}{section.1}% 4
\BOOKMARK [1][-]{section.2}{\376\377\000D\000a\000t\000a\000\040\000P\000r\000e\000p\000r\000o\000c\000e\000s\000s\000i\000n\000g}{}% 5
\BOOKMARK [2][-]{subsection.2.1}{\376\377\000D\000a\000t\000a\000s\000e\000t\000\040\000i\000m\000p\000o\000r\000t\000\040\000a\000n\000d\000\040\000a\000n\000a\000l\000y\000s\000i\000s}{section.2}% 6
\BOOKMARK [2][-]{subsection.2.2}{\376\377\000F\000a\000i\000l\000e\000d\000\040\000D\000e\000t\000e\000c\000t\000i\000o\000n}{section.2}% 7
\BOOKMARK [2][-]{subsection.2.3}{\376\377\000D\000u\000p\000l\000i\000c\000a\000t\000e\000\040\000i\000n\000s\000t\000a\000n\000c\000e\000s}{section.2}% 8
\BOOKMARK [2][-]{subsection.2.4}{\376\377\000D\000a\000t\000a\000\040\000m\000a\000n\000i\000p\000u\000l\000a\000t\000i\000o\000n}{section.2}% 9
\BOOKMARK [2][-]{subsection.2.5}{\376\377\000D\000a\000t\000a\000s\000e\000t\000'\000s\000\040\000m\000e\000r\000g\000e}{section.2}% 10
\BOOKMARK [1][-]{section.3}{\376\377\000D\000a\000t\000a\000\040\000A\000n\000a\000l\000y\000s\000i\000s}{}% 11
\BOOKMARK [2][-]{subsection.3.1}{\376\377\000P\000l\000o\000t\000t\000i\000n\000g\000\040\000D\000a\000t\000a\000s}{section.3}% 12
\BOOKMARK [2][-]{subsection.3.2}{\376\377\000A\000n\000a\000l\000y\000s\000i\000s\000\040\000b\000y\000\040\000s\000u\000b\000s\000t\000a\000n\000c\000e}{section.3}% 13
\BOOKMARK [3][-]{subsubsection.3.2.1}{\376\377\000L\000e\000a\000d\000\040\000\050\000P\000b\000\051\000\040\000-\000\040\000A\000r\000s\000e\000n\000i\000c\000\040\000\050\000A\000s\000\051\000\040\000-\000\040\000C\000a\000d\000m\000i\000u\000m\000\040\000\050\000C\000d\000\051\000\040\000-\000\040\000N\000i\000k\000e\000l\000\040\000\050\000N\000i\000\051}{subsection.3.2}% 14
\BOOKMARK [3][-]{subsubsection.3.2.2}{\376\377\000B\000l\000a\000c\000k\000C\000a\000r\000b\000o\000n}{subsection.3.2}% 15
\BOOKMARK [3][-]{subsubsection.3.2.3}{\376\377\000P\000M\0001\0000}{subsection.3.2}% 16
\BOOKMARK [3][-]{subsubsection.3.2.4}{\376\377\000P\000M\0002\000.\0005}{subsection.3.2}% 17
\BOOKMARK [3][-]{subsubsection.3.2.5}{\376\377\000N\000i\000t\000r\000o\000g\000e\000n\000\040\000d\000i\000o\000x\000i\000d\000e\000\040\000\050\000N\000O\0002\000\051}{subsection.3.2}% 18
\BOOKMARK [3][-]{subsubsection.3.2.6}{\376\377\000S\000u\000l\000f\000u\000r\000\040\000d\000i\000o\000x\000i\000d\000e\000\040\000\050\000S\000O\0002\000\051}{subsection.3.2}% 19
\BOOKMARK [3][-]{subsubsection.3.2.7}{\376\377\000O\000z\000o\000n\000e\000\040\000\050\000O\0003\000\051}{subsection.3.2}% 20
\BOOKMARK [3][-]{subsubsection.3.2.8}{\376\377\000C\000a\000r\000b\000o\000n\000\040\000o\000x\000i\000d\000e\000\040\000\050\000C\000O\000\051}{subsection.3.2}% 21
\BOOKMARK [3][-]{subsubsection.3.2.9}{\376\377\000B\000e\000n\000z\000e\000n\000e\000\040\000\050\000C\0006\000H\0006\000\051}{subsection.3.2}% 22
\BOOKMARK [3][-]{subsubsection.3.2.10}{\376\377\000A\000m\000m\000o\000n\000i\000a\000\040\000\050\000N\000H\0003\000\051}{subsection.3.2}% 23
\BOOKMARK [3][-]{subsubsection.3.2.11}{\376\377\000N\000i\000t\000r\000o\000g\000e\000n\000\040\000o\000x\000i\000d\000e\000s\000\040\000\050\000N\000O\000X\000\051}{subsection.3.2}% 24
\BOOKMARK [3][-]{subsubsection.3.2.12}{\376\377\000N\000i\000t\000r\000i\000c\000\040\000o\000x\000i\000d\000e\000\040\000\050\000N\000O\000\051}{subsection.3.2}% 25
\BOOKMARK [2][-]{subsection.3.3}{\376\377\000A\000n\000a\000l\000y\000s\000i\000s\000\040\000b\000y\000\040\000Z\000o\000n\000e}{section.3}% 26
\BOOKMARK [3][-]{subsubsection.3.3.1}{\376\377\000B\000r\000e\000s\000c\000i\000a\000\040\000\050\000B\000S\000\051}{subsection.3.3}% 27
\BOOKMARK [3][-]{subsubsection.3.3.2}{\376\377\000B\000e\000r\000g\000a\000m\000o\000\040\000\050\000B\000G\000\051}{subsection.3.3}% 28
\BOOKMARK [3][-]{subsubsection.3.3.3}{\376\377\000C\000o\000m\000o\000\040\000\050\000C\000O\000\051}{subsection.3.3}% 29
\BOOKMARK [3][-]{subsubsection.3.3.4}{\376\377\000C\000r\000e\000m\000o\000n\000a\000\040\000\050\000C\000R\000\051}{subsection.3.3}% 30
\BOOKMARK [3][-]{subsubsection.3.3.5}{\376\377\000L\000e\000c\000c\000o\000\040\000\050\000L\000C\000\051}{subsection.3.3}% 31
\BOOKMARK [3][-]{subsubsection.3.3.6}{\376\377\000L\000o\000d\000i\000\040\000\050\000L\000O\000\051}{subsection.3.3}% 32
\BOOKMARK [3][-]{subsubsection.3.3.7}{\376\377\000M\000o\000n\000z\000a\000-\000B\000r\000i\000a\000n\000z\000a\000\040\000\050\000M\000B\000\051}{subsection.3.3}% 33
\BOOKMARK [3][-]{subsubsection.3.3.8}{\376\377\000M\000i\000l\000a\000n\000o\000\040\000\050\000M\000I\000\051}{subsection.3.3}% 34
\BOOKMARK [3][-]{subsubsection.3.3.9}{\376\377\000M\000a\000n\000t\000o\000v\000a\000\040\000\050\000M\000N\000\051}{subsection.3.3}% 35
\BOOKMARK [3][-]{subsubsection.3.3.10}{\376\377\000P\000a\000v\000i\000a\000\040\000\050\000P\000V\000\051}{subsection.3.3}% 36
\BOOKMARK [3][-]{subsubsection.3.3.11}{\376\377\000S\000o\000n\000d\000r\000i\000o\000\040\000\050\000S\000O\000\051}{subsection.3.3}% 37
\BOOKMARK [3][-]{subsubsection.3.3.12}{\376\377\000V\000a\000r\000e\000s\000e\000\040\000\050\000V\000A\000\051}{subsection.3.3}% 38
\BOOKMARK [2][-]{subsection.3.4}{\376\377\000A\000i\000r\000\040\000Q\000u\000a\000l\000i\000t\000y\000\040\000I\000n\000d\000e\000x}{section.3}% 39
\BOOKMARK [1][-]{section.4}{\376\377\000C\000o\000n\000c\000l\000u\000s\000i\000o\000n\000s}{}% 40
