This is pdfTeX, Version 3.141592653-2.6-1.40.24 (TeX Live 2022) (preloaded format=pdflatex 2022.8.7)  21 FEB 2024 11:41
entering extended mode
 restricted \write18 enabled.
 file:line:error style messages enabled.
 %&-line parsing enabled.
**"Report HIS.tex"
(./Report HIS.tex
LaTeX2e <2021-11-15> patch level 1
L3 programming layer <2022-02-24>
(/usr/local/texlive/2022/texmf-dist/tex/latex/base/article.cls
Document Class: article 2021/10/04 v1.4n Standard LaTeX document class
(/usr/local/texlive/2022/texmf-dist/tex/latex/base/size12.clo
File: size12.clo 2021/10/04 v1.4n Standard LaTeX file (size option)
)
\c@part=\count185
\c@section=\count186
\c@subsection=\count187
\c@subsubsection=\count188
\c@paragraph=\count189
\c@subparagraph=\count190
\c@figure=\count191
\c@table=\count192
\abovecaptionskip=\skip47
\belowcaptionskip=\skip48
\bibindent=\dimen138
)
(/usr/local/texlive/2022/texmf-dist/tex/latex/graphics/graphicx.sty
Package: graphicx 2021/09/16 v1.2d Enhanced LaTeX Graphics (DPC,SPQR)

(/usr/local/texlive/2022/texmf-dist/tex/latex/graphics/keyval.sty
Package: keyval 2014/10/28 v1.15 key=value parser (DPC)
\KV@toks@=\toks16
)
(/usr/local/texlive/2022/texmf-dist/tex/latex/graphics/graphics.sty
Package: graphics 2021/03/04 v1.4d Standard LaTeX Graphics (DPC,SPQR)

(/usr/local/texlive/2022/texmf-dist/tex/latex/graphics/trig.sty
Package: trig 2021/08/11 v1.11 sin cos tan (DPC)
)
(/usr/local/texlive/2022/texmf-dist/tex/latex/graphics-cfg/graphics.cfg
File: graphics.cfg 2016/06/04 v1.11 sample graphics configuration
)
Package graphics Info: Driver file: pdftex.def on input line 107.

(/usr/local/texlive/2022/texmf-dist/tex/latex/graphics-def/pdftex.def
File: pdftex.def 2020/10/05 v1.2a Graphics/color driver for pdftex
))
\Gin@req@height=\dimen139
\Gin@req@width=\dimen140
)
(/usr/local/texlive/2022/texmf-dist/tex/latex/float/float.sty
Package: float 2001/11/08 v1.3d Float enhancements (AL)
\c@float@type=\count193
\float@exts=\toks17
\float@box=\box50
\@float@everytoks=\toks18
\@floatcapt=\box51
)
(/usr/local/texlive/2022/texmf-dist/tex/latex/amsmath/amsmath.sty
Package: amsmath 2021/10/15 v2.17l AMS math features
\@mathmargin=\skip49

For additional information on amsmath, use the `?' option.
(/usr/local/texlive/2022/texmf-dist/tex/latex/amsmath/amstext.sty
Package: amstext 2021/08/26 v2.01 AMS text

(/usr/local/texlive/2022/texmf-dist/tex/latex/amsmath/amsgen.sty
File: amsgen.sty 1999/11/30 v2.0 generic functions
\@emptytoks=\toks19
\ex@=\dimen141
))
(/usr/local/texlive/2022/texmf-dist/tex/latex/amsmath/amsbsy.sty
Package: amsbsy 1999/11/29 v1.2d Bold Symbols
\pmbraise@=\dimen142
)
(/usr/local/texlive/2022/texmf-dist/tex/latex/amsmath/amsopn.sty
Package: amsopn 2021/08/26 v2.02 operator names
)
\inf@bad=\count194
LaTeX Info: Redefining \frac on input line 234.
\uproot@=\count195
\leftroot@=\count196
LaTeX Info: Redefining \overline on input line 399.
\classnum@=\count197
\DOTSCASE@=\count198
LaTeX Info: Redefining \ldots on input line 496.
LaTeX Info: Redefining \dots on input line 499.
LaTeX Info: Redefining \cdots on input line 620.
\Mathstrutbox@=\box52
\strutbox@=\box53
\big@size=\dimen143
LaTeX Font Info:    Redeclaring font encoding OML on input line 743.
LaTeX Font Info:    Redeclaring font encoding OMS on input line 744.
\macc@depth=\count199
\c@MaxMatrixCols=\count266
\dotsspace@=\muskip16
\c@parentequation=\count267
\dspbrk@lvl=\count268
\tag@help=\toks20
\row@=\count269
\column@=\count270
\maxfields@=\count271
\andhelp@=\toks21
\eqnshift@=\dimen144
\alignsep@=\dimen145
\tagshift@=\dimen146
\tagwidth@=\dimen147
\totwidth@=\dimen148
\lineht@=\dimen149
\@envbody=\toks22
\multlinegap=\skip50
\multlinetaggap=\skip51
\mathdisplay@stack=\toks23
LaTeX Info: Redefining \[ on input line 2938.
LaTeX Info: Redefining \] on input line 2939.
)
(/usr/local/texlive/2022/texmf-dist/tex/latex/base/fontenc.sty
Package: fontenc 2021/04/29 v2.0v Standard LaTeX package
)
(/usr/local/texlive/2022/texmf-dist/tex/generic/babel/babel.sty
Package: babel 2022/02/26 3.73 The Babel package
\babel@savecnt=\count272
\U@D=\dimen150
\l@unhyphenated=\language87

(/usr/local/texlive/2022/texmf-dist/tex/generic/babel/txtbabel.def)
\bbl@readstream=\read2
\bbl@dirlevel=\count273

(/usr/local/texlive/2022/texmf-dist/tex/generic/babel-english/english.ldf
Language: english 2017/06/06 v3.3r English support from the babel system
Package babel Info: Hyphen rules for 'canadian' set to \l@english
(babel)             (\language0). Reported on input line 102.
Package babel Info: Hyphen rules for 'australian' set to \l@ukenglish
(babel)             (\language21). Reported on input line 105.
Package babel Info: Hyphen rules for 'newzealand' set to \l@ukenglish
(babel)             (\language21). Reported on input line 108.
))
(/usr/local/texlive/2022/texmf-dist/tex/latex/hyperref/hyperref.sty
Package: hyperref 2022-02-21 v7.00n Hypertext links for LaTeX

(/usr/local/texlive/2022/texmf-dist/tex/generic/ltxcmds/ltxcmds.sty
Package: ltxcmds 2020-05-10 v1.25 LaTeX kernel commands for general use (HO)
)
(/usr/local/texlive/2022/texmf-dist/tex/generic/iftex/iftex.sty
Package: iftex 2022/02/03 v1.0f TeX engine tests
)
(/usr/local/texlive/2022/texmf-dist/tex/generic/pdftexcmds/pdftexcmds.sty
Package: pdftexcmds 2020-06-27 v0.33 Utility functions of pdfTeX for LuaTeX (HO
)

(/usr/local/texlive/2022/texmf-dist/tex/generic/infwarerr/infwarerr.sty
Package: infwarerr 2019/12/03 v1.5 Providing info/warning/error messages (HO)
)
Package pdftexcmds Info: \pdf@primitive is available.
Package pdftexcmds Info: \pdf@ifprimitive is available.
Package pdftexcmds Info: \pdfdraftmode found.
)
(/usr/local/texlive/2022/texmf-dist/tex/generic/kvsetkeys/kvsetkeys.sty
Package: kvsetkeys 2019/12/15 v1.18 Key value parser (HO)
)
(/usr/local/texlive/2022/texmf-dist/tex/generic/kvdefinekeys/kvdefinekeys.sty
Package: kvdefinekeys 2019-12-19 v1.6 Define keys (HO)
)
(/usr/local/texlive/2022/texmf-dist/tex/generic/pdfescape/pdfescape.sty
Package: pdfescape 2019/12/09 v1.15 Implements pdfTeX's escape features (HO)
)
(/usr/local/texlive/2022/texmf-dist/tex/latex/hycolor/hycolor.sty
Package: hycolor 2020-01-27 v1.10 Color options for hyperref/bookmark (HO)
)
(/usr/local/texlive/2022/texmf-dist/tex/latex/letltxmacro/letltxmacro.sty
Package: letltxmacro 2019/12/03 v1.6 Let assignment for LaTeX macros (HO)
)
(/usr/local/texlive/2022/texmf-dist/tex/latex/auxhook/auxhook.sty
Package: auxhook 2019-12-17 v1.6 Hooks for auxiliary files (HO)
)
(/usr/local/texlive/2022/texmf-dist/tex/latex/kvoptions/kvoptions.sty
Package: kvoptions 2020-10-07 v3.14 Key value format for package options (HO)
)
\@linkdim=\dimen151
\Hy@linkcounter=\count274
\Hy@pagecounter=\count275

(/usr/local/texlive/2022/texmf-dist/tex/latex/hyperref/pd1enc.def
File: pd1enc.def 2022-02-21 v7.00n Hyperref: PDFDocEncoding definition (HO)
Now handling font encoding PD1 ...
... no UTF-8 mapping file for font encoding PD1
)
(/usr/local/texlive/2022/texmf-dist/tex/generic/intcalc/intcalc.sty
Package: intcalc 2019/12/15 v1.3 Expandable calculations with integers (HO)
)
(/usr/local/texlive/2022/texmf-dist/tex/generic/etexcmds/etexcmds.sty
Package: etexcmds 2019/12/15 v1.7 Avoid name clashes with e-TeX commands (HO)
)
\Hy@SavedSpaceFactor=\count276

(/usr/local/texlive/2022/texmf-dist/tex/latex/hyperref/puenc.def
File: puenc.def 2022-02-21 v7.00n Hyperref: PDF Unicode definition (HO)
Now handling font encoding PU ...
... no UTF-8 mapping file for font encoding PU
)
Package hyperref Info: Hyper figures OFF on input line 4137.
Package hyperref Info: Link nesting OFF on input line 4142.
Package hyperref Info: Hyper index ON on input line 4145.
Package hyperref Info: Plain pages OFF on input line 4152.
Package hyperref Info: Backreferencing OFF on input line 4157.
Package hyperref Info: Implicit mode ON; LaTeX internals redefined.
Package hyperref Info: Bookmarks ON on input line 4390.
\c@Hy@tempcnt=\count277

(/usr/local/texlive/2022/texmf-dist/tex/latex/url/url.sty
\Urlmuskip=\muskip17
Package: url 2013/09/16  ver 3.4  Verb mode for urls, etc.
)
LaTeX Info: Redefining \url on input line 4749.
\XeTeXLinkMargin=\dimen152

(/usr/local/texlive/2022/texmf-dist/tex/generic/bitset/bitset.sty
Package: bitset 2019/12/09 v1.3 Handle bit-vector datatype (HO)

(/usr/local/texlive/2022/texmf-dist/tex/generic/bigintcalc/bigintcalc.sty
Package: bigintcalc 2019/12/15 v1.5 Expandable calculations on big integers (HO
)
))
\Fld@menulength=\count278
\Field@Width=\dimen153
\Fld@charsize=\dimen154
Package hyperref Info: Hyper figures OFF on input line 6027.
Package hyperref Info: Link nesting OFF on input line 6032.
Package hyperref Info: Hyper index ON on input line 6035.
Package hyperref Info: backreferencing OFF on input line 6042.
Package hyperref Info: Link coloring OFF on input line 6047.
Package hyperref Info: Link coloring with OCG OFF on input line 6052.
Package hyperref Info: PDF/A mode OFF on input line 6057.
LaTeX Info: Redefining \ref on input line 6097.
LaTeX Info: Redefining \pageref on input line 6101.

(/usr/local/texlive/2022/texmf-dist/tex/latex/base/atbegshi-ltx.sty
Package: atbegshi-ltx 2021/01/10 v1.0c Emulation of the original atbegshi
package with kernel methods
)
\Hy@abspage=\count279
\c@Item=\count280
\c@Hfootnote=\count281
)
Package hyperref Info: Driver (autodetected): hpdftex.

(/usr/local/texlive/2022/texmf-dist/tex/latex/hyperref/hpdftex.def
File: hpdftex.def 2022-02-21 v7.00n Hyperref driver for pdfTeX

(/usr/local/texlive/2022/texmf-dist/tex/latex/base/atveryend-ltx.sty
Package: atveryend-ltx 2020/08/19 v1.0a Emulation of the original atveryend pac
kage
with kernel methods
)
\Fld@listcount=\count282
\c@bookmark@seq@number=\count283

(/usr/local/texlive/2022/texmf-dist/tex/latex/rerunfilecheck/rerunfilecheck.sty
Package: rerunfilecheck 2019/12/05 v1.9 Rerun checks for auxiliary files (HO)

(/usr/local/texlive/2022/texmf-dist/tex/generic/uniquecounter/uniquecounter.sty
Package: uniquecounter 2019/12/15 v1.4 Provide unlimited unique counter (HO)
)
Package uniquecounter Info: New unique counter `rerunfilecheck' on input line 2
86.
)
\Hy@SectionHShift=\skip52
) (/usr/local/texlive/2022/texmf-dist/tex/latex/wrapfig/wrapfig.sty
\wrapoverhang=\dimen155
\WF@size=\dimen156
\c@WF@wrappedlines=\count284
\WF@box=\box54
\WF@everypar=\toks24
Package: wrapfig 2003/01/31  v 3.6
)
(/usr/local/texlive/2022/texmf-dist/tex/latex/caption/caption.sty
Package: caption 2022/03/01 v3.6b Customizing captions (AR)

(/usr/local/texlive/2022/texmf-dist/tex/latex/caption/caption3.sty
Package: caption3 2022/03/17 v2.3b caption3 kernel (AR)
\caption@tempdima=\dimen157
\captionmargin=\dimen158
\caption@leftmargin=\dimen159
\caption@rightmargin=\dimen160
\caption@width=\dimen161
\caption@indent=\dimen162
\caption@parindent=\dimen163
\caption@hangindent=\dimen164
Package caption Info: Standard document class detected.
)
\c@caption@flags=\count285
\c@continuedfloat=\count286
Package caption Info: float package is loaded.
Package caption Info: hyperref package is loaded.
Package caption Info: wrapfig package is loaded.
)
(/usr/local/texlive/2022/texmf-dist/tex/latex/fancyvrb/fancyvrb.sty
Package: fancyvrb 2021/12/21 4.1b verbatim text (tvz,hv)
\FV@CodeLineNo=\count287
\FV@InFile=\read3
\FV@TabBox=\box55
\c@FancyVerbLine=\count288
\FV@StepNumber=\count289
\FV@OutFile=\write3
)
(/usr/local/texlive/2022/texmf-dist/tex/latex/tocloft/tocloft.sty
Package: tocloft 2017/08/31 v2.3i parameterised ToC, etc., typesetting
Package tocloft Info: The document has section divisions on input line 51.
\cftparskip=\skip53
\cftbeforetoctitleskip=\skip54
\cftaftertoctitleskip=\skip55
\cftbeforepartskip=\skip56
\cftpartnumwidth=\skip57
\cftpartindent=\skip58
\cftbeforesecskip=\skip59
\cftsecindent=\skip60
\cftsecnumwidth=\skip61
\cftbeforesubsecskip=\skip62
\cftsubsecindent=\skip63
\cftsubsecnumwidth=\skip64
\cftbeforesubsubsecskip=\skip65
\cftsubsubsecindent=\skip66
\cftsubsubsecnumwidth=\skip67
\cftbeforeparaskip=\skip68
\cftparaindent=\skip69
\cftparanumwidth=\skip70
\cftbeforesubparaskip=\skip71
\cftsubparaindent=\skip72
\cftsubparanumwidth=\skip73
\cftbeforeloftitleskip=\skip74
\cftafterloftitleskip=\skip75
\cftbeforefigskip=\skip76
\cftfigindent=\skip77
\cftfignumwidth=\skip78
\c@lofdepth=\count290
\c@lotdepth=\count291
\cftbeforelottitleskip=\skip79
\cftafterlottitleskip=\skip80
\cftbeforetabskip=\skip81
\cfttabindent=\skip82
\cfttabnumwidth=\skip83
)
(/usr/local/texlive/2022/texmf-dist/tex/latex/comment/comment.sty
\CommentStream=\write4

Excluding comment 'comment')
(/usr/local/texlive/2022/texmf-dist/tex/latex/multirow/multirow.sty
Package: multirow 2021/03/15 v2.8 Span multiple rows of a table
\multirow@colwidth=\skip84
\multirow@cntb=\count292
\multirow@dima=\skip85
\bigstrutjot=\dimen165
)
(/usr/local/texlive/2022/texmf-dist/tex/latex/caption/subcaption.sty
Package: subcaption 2022/01/07 v1.5 Sub-captions (AR)
\c@subfigure=\count293
\c@subtable=\count294
)
(/usr/local/texlive/2022/texmf-dist/tex/latex/listings/listings.sty
\lst@mode=\count295
\lst@gtempboxa=\box56
\lst@token=\toks25
\lst@length=\count296
\lst@currlwidth=\dimen166
\lst@column=\count297
\lst@pos=\count298
\lst@lostspace=\dimen167
\lst@width=\dimen168
\lst@newlines=\count299
\lst@lineno=\count300
\lst@maxwidth=\dimen169

(/usr/local/texlive/2022/texmf-dist/tex/latex/listings/lstmisc.sty
File: lstmisc.sty 2020/03/24 1.8d (Carsten Heinz)
\c@lstnumber=\count301
\lst@skipnumbers=\count302
\lst@framebox=\box57
)
(/usr/local/texlive/2022/texmf-dist/tex/latex/listings/listings.cfg
File: listings.cfg 2020/03/24 1.8d listings configuration
))
Package: listings 2020/03/24 1.8d (Carsten Heinz)

(/usr/local/texlive/2022/texmf-dist/tex/latex/booktabs/booktabs.sty
Package: booktabs 2020/01/12 v1.61803398 Publication quality tables
\heavyrulewidth=\dimen170
\lightrulewidth=\dimen171
\cmidrulewidth=\dimen172
\belowrulesep=\dimen173
\belowbottomsep=\dimen174
\aboverulesep=\dimen175
\abovetopsep=\dimen176
\cmidrulesep=\dimen177
\cmidrulekern=\dimen178
\defaultaddspace=\dimen179
\@cmidla=\count303
\@cmidlb=\count304
\@aboverulesep=\dimen180
\@belowrulesep=\dimen181
\@thisruleclass=\count305
\@lastruleclass=\count306
\@thisrulewidth=\dimen182
)
(/usr/local/texlive/2022/texmf-dist/tex/latex/xcolor/xcolor.sty
Package: xcolor 2021/10/31 v2.13 LaTeX color extensions (UK)

(/usr/local/texlive/2022/texmf-dist/tex/latex/graphics-cfg/color.cfg
File: color.cfg 2016/01/02 v1.6 sample color configuration
)
Package xcolor Info: Driver file: pdftex.def on input line 227.

(/usr/local/texlive/2022/texmf-dist/tex/latex/colortbl/colortbl.sty
Package: colortbl 2020/01/04 v1.0e Color table columns (DPC)

(/usr/local/texlive/2022/texmf-dist/tex/latex/tools/array.sty
Package: array 2021/10/04 v2.5f Tabular extension package (FMi)
\col@sep=\dimen183
\ar@mcellbox=\box58
\extrarowheight=\dimen184
\NC@list=\toks26
\extratabsurround=\skip86
\backup@length=\skip87
\ar@cellbox=\box59
)
\everycr=\toks27
\minrowclearance=\skip88
)
\rownum=\count307
Package xcolor Info: Model `cmy' substituted by `cmy0' on input line 1352.
Package xcolor Info: Model `hsb' substituted by `rgb' on input line 1356.
Package xcolor Info: Model `RGB' extended on input line 1368.
Package xcolor Info: Model `HTML' substituted by `rgb' on input line 1370.
Package xcolor Info: Model `Hsb' substituted by `hsb' on input line 1371.
Package xcolor Info: Model `tHsb' substituted by `hsb' on input line 1372.
Package xcolor Info: Model `HSB' substituted by `hsb' on input line 1373.
Package xcolor Info: Model `Gray' substituted by `gray' on input line 1374.
Package xcolor Info: Model `wave' substituted by `hsb' on input line 1375.
)
(/usr/local/texlive/2022/texmf-dist/tex/latex/tools/tabularx.sty
Package: tabularx 2020/01/15 v2.11c `tabularx' package (DPC)
\TX@col@width=\dimen185
\TX@old@table=\dimen186
\TX@old@col=\dimen187
\TX@target=\dimen188
\TX@delta=\dimen189
\TX@cols=\count308
\TX@ftn=\toks28
)
(/usr/local/texlive/2022/texmf-dist/tex/latex/fancyhdr/fancyhdr.sty
Package: fancyhdr 2021/01/28 v4.0.1 Extensive control of page headers and foote
rs
\f@nch@headwidth=\skip89
\f@nch@O@elh=\skip90
\f@nch@O@erh=\skip91
\f@nch@O@olh=\skip92
\f@nch@O@orh=\skip93
\f@nch@O@elf=\skip94
\f@nch@O@erf=\skip95
\f@nch@O@olf=\skip96
\f@nch@O@orf=\skip97
)
(/usr/local/texlive/2022/texmf-dist/tex/latex/titlesec/titlesec.sty
Package: titlesec 2021/07/05 v2.14 Sectioning titles
\ttl@box=\box60
\beforetitleunit=\skip98
\aftertitleunit=\skip99
\ttl@plus=\dimen190
\ttl@minus=\dimen191
\ttl@toksa=\toks29
\titlewidth=\dimen192
\titlewidthlast=\dimen193
\titlewidthfirst=\dimen194
)
(/usr/local/texlive/2022/texmf-dist/tex/latex/l3backend/l3backend-pdftex.def
File: l3backend-pdftex.def 2022-02-07 L3 backend support: PDF output (pdfTeX)
\l__color_backend_stack_int=\count309
\l__pdf_internal_box=\box61
)
(./Report HIS.aux)
\openout1 = `"Report HIS.aux"'.

LaTeX Font Info:    Checking defaults for OML/cmm/m/it on input line 59.
LaTeX Font Info:    ... okay on input line 59.
LaTeX Font Info:    Checking defaults for OMS/cmsy/m/n on input line 59.
LaTeX Font Info:    ... okay on input line 59.
LaTeX Font Info:    Checking defaults for OT1/cmr/m/n on input line 59.
LaTeX Font Info:    ... okay on input line 59.
LaTeX Font Info:    Checking defaults for T1/cmr/m/n on input line 59.
LaTeX Font Info:    ... okay on input line 59.
LaTeX Font Info:    Checking defaults for TS1/cmr/m/n on input line 59.
LaTeX Font Info:    ... okay on input line 59.
LaTeX Font Info:    Checking defaults for OMX/cmex/m/n on input line 59.
LaTeX Font Info:    ... okay on input line 59.
LaTeX Font Info:    Checking defaults for U/cmr/m/n on input line 59.
LaTeX Font Info:    ... okay on input line 59.
LaTeX Font Info:    Checking defaults for PD1/pdf/m/n on input line 59.
LaTeX Font Info:    ... okay on input line 59.
LaTeX Font Info:    Checking defaults for PU/pdf/m/n on input line 59.
LaTeX Font Info:    ... okay on input line 59.

(/usr/local/texlive/2022/texmf-dist/tex/context/base/mkii/supp-pdf.mkii
[Loading MPS to PDF converter (version 2006.09.02).]
\scratchcounter=\count310
\scratchdimen=\dimen195
\scratchbox=\box62
\nofMPsegments=\count311
\nofMParguments=\count312
\everyMPshowfont=\toks30
\MPscratchCnt=\count313
\MPscratchDim=\dimen196
\MPnumerator=\count314
\makeMPintoPDFobject=\count315
\everyMPtoPDFconversion=\toks31
) (/usr/local/texlive/2022/texmf-dist/tex/latex/epstopdf-pkg/epstopdf-base.sty
Package: epstopdf-base 2020-01-24 v2.11 Base part for package epstopdf
Package epstopdf-base Info: Redefining graphics rule for `.eps' on input line 4
85.

(/usr/local/texlive/2022/texmf-dist/tex/latex/latexconfig/epstopdf-sys.cfg
File: epstopdf-sys.cfg 2010/07/13 v1.3 Configuration of (r)epstopdf for TeX Liv
e
))
Package hyperref Info: Link coloring OFF on input line 59.

(/usr/local/texlive/2022/texmf-dist/tex/latex/hyperref/nameref.sty
Package: nameref 2021-04-02 v2.47 Cross-referencing by name of section

(/usr/local/texlive/2022/texmf-dist/tex/latex/refcount/refcount.sty
Package: refcount 2019/12/15 v3.6 Data extraction from label references (HO)
)
(/usr/local/texlive/2022/texmf-dist/tex/generic/gettitlestring/gettitlestring.s
ty
Package: gettitlestring 2019/12/15 v1.6 Cleanup title references (HO)
)
\c@section@level=\count316
)
LaTeX Info: Redefining \ref on input line 59.
LaTeX Info: Redefining \pageref on input line 59.
LaTeX Info: Redefining \nameref on input line 59.
 (./Report HIS.out) (./Report HIS.out)
\@outlinefile=\write5
\openout5 = `"Report HIS.out"'.

Package caption Info: Begin \AtBeginDocument code.
Package caption Info: listings package is loaded.
Package caption Info: End \AtBeginDocument code.
\c@lstlisting=\count317
 (./Report HIS.toc [1

{/usr/local/texlive/2022/texmf-var/fonts/map/pdftex/updmap/pdftex.map}])
\tf@toc=\write6
\openout6 = `"Report HIS.toc"'.



Package fancyhdr Warning: \headheight is too small (12.0pt): 
(fancyhdr)                Make it at least 14.49998pt, for example:
(fancyhdr)                \setlength{\headheight}{14.49998pt}.
(fancyhdr)                You might also make \topmargin smaller to compensate:

(fancyhdr)                \addtolength{\topmargin}{-2.49998pt}.

[2] (./Capitoli/Introduzione.tex

Package fancyhdr Warning: \headheight is too small (12.0pt): 
(fancyhdr)                Make it at least 14.49998pt, for example:
(fancyhdr)                \setlength{\headheight}{14.49998pt}.
(fancyhdr)                You might also make \topmargin smaller to compensate:

(fancyhdr)                \addtolength{\topmargin}{-2.49998pt}.

[3]

Package fancyhdr Warning: \headheight is too small (12.0pt): 
(fancyhdr)                Make it at least 14.49998pt, for example:
(fancyhdr)                \setlength{\headheight}{14.49998pt}.
(fancyhdr)                You might also make \topmargin smaller to compensate:

(fancyhdr)                \addtolength{\topmargin}{-2.49998pt}.

[4])

Package fancyhdr Warning: \headheight is too small (12.0pt): 
(fancyhdr)                Make it at least 14.49998pt, for example:
(fancyhdr)                \setlength{\headheight}{14.49998pt}.
(fancyhdr)                You might also make \topmargin smaller to compensate:

(fancyhdr)                \addtolength{\topmargin}{-2.49998pt}.

[5] (./Capitoli/Preprocessing.tex
(/usr/local/texlive/2022/texmf-dist/tex/latex/listings/lstlang1.sty
File: lstlang1.sty 2020/03/24 1.8d listings language file
)
(/usr/local/texlive/2022/texmf-dist/tex/latex/listings/lstlang2.sty
File: lstlang2.sty 2020/03/24 1.8d listings language file
)
(/usr/local/texlive/2022/texmf-dist/tex/latex/listings/lstlang3.sty
File: lstlang3.sty 2020/03/24 1.8d listings language file
)
LaTeX Font Info:    Trying to load font information for T1+cmtt on input line 9
.

(/usr/local/texlive/2022/texmf-dist/tex/latex/base/t1cmtt.fd
File: t1cmtt.fd 2019/12/16 v2.5j Standard LaTeX font definitions
)
LaTeX Font Info:    Font shape `T1/cmtt/bx/n' in size <10> not available
(Font)              Font shape `T1/cmtt/m/n' tried instead on input line 10.
<File/Preprocessing/headRawAir.png, id=239, 482.80376pt x 134.5025pt>
File: File/Preprocessing/headRawAir.png Graphic file (type png)
<use File/Preprocessing/headRawAir.png>
Package pdftex.def Info: File/Preprocessing/headRawAir.png  used on input line 
18.
(pdftex.def)             Requested size: 390.0pt x 108.65292pt.


Package fancyhdr Warning: \headheight is too small (12.0pt): 
(fancyhdr)                Make it at least 14.49998pt, for example:
(fancyhdr)                \setlength{\headheight}{14.49998pt}.
(fancyhdr)                You might also make \topmargin smaller to compensate:

(fancyhdr)                \addtolength{\topmargin}{-2.49998pt}.

[6 <./File/Preprocessing/headRawAir.png>]
<File/Preprocessing/headRawStation.png, id=271, 784.9325pt x 404.51125pt>
File: File/Preprocessing/headRawStation.png Graphic file (type png)
<use File/Preprocessing/headRawStation.png>
Package pdftex.def Info: File/Preprocessing/headRawStation.png  used on input l
ine 60.
(pdftex.def)             Requested size: 390.0pt x 200.98979pt.


Package fancyhdr Warning: \headheight is too small (12.0pt): 
(fancyhdr)                Make it at least 14.49998pt, for example:
(fancyhdr)                \setlength{\headheight}{14.49998pt}.
(fancyhdr)                You might also make \topmargin smaller to compensate:

(fancyhdr)                \addtolength{\topmargin}{-2.49998pt}.

[7 <./File/Preprocessing/headRawStation.png>]

Package fancyhdr Warning: \headheight is too small (12.0pt): 
(fancyhdr)                Make it at least 14.49998pt, for example:
(fancyhdr)                \setlength{\headheight}{14.49998pt}.
(fancyhdr)                You might also make \topmargin smaller to compensate:

(fancyhdr)                \addtolength{\topmargin}{-2.49998pt}.

[8]
<File/Preprocessing/detectionStation.pdf, id=328, 361.35pt x 361.35pt>
File: File/Preprocessing/detectionStation.pdf Graphic file (type pdf)
<use File/Preprocessing/detectionStation.pdf>
Package pdftex.def Info: File/Preprocessing/detectionStation.pdf  used on input
 line 150.
(pdftex.def)             Requested size: 390.0pt x 390.00407pt.


Package fancyhdr Warning: \headheight is too small (12.0pt): 
(fancyhdr)                Make it at least 14.49998pt, for example:
(fancyhdr)                \setlength{\headheight}{14.49998pt}.
(fancyhdr)                You might also make \topmargin smaller to compensate:

(fancyhdr)                \addtolength{\topmargin}{-2.49998pt}.

[9 <./File/Preprocessing/detectionStation.pdf>]

Package fancyhdr Warning: \headheight is too small (12.0pt): 
(fancyhdr)                Make it at least 14.49998pt, for example:
(fancyhdr)                \setlength{\headheight}{14.49998pt}.
(fancyhdr)                You might also make \topmargin smaller to compensate:

(fancyhdr)                \addtolength{\topmargin}{-2.49998pt}.

[10]
<File/Preprocessing/fullDataClass.png, id=355, 863.225pt x 459.7175pt>
File: File/Preprocessing/fullDataClass.png Graphic file (type png)
<use File/Preprocessing/fullDataClass.png>
Package pdftex.def Info: File/Preprocessing/fullDataClass.png  used on input li
ne 213.
(pdftex.def)             Requested size: 390.0pt x 207.69168pt.
)

Package fancyhdr Warning: \headheight is too small (12.0pt): 
(fancyhdr)                Make it at least 14.49998pt, for example:
(fancyhdr)                \setlength{\headheight}{14.49998pt}.
(fancyhdr)                You might also make \topmargin smaller to compensate:

(fancyhdr)                \addtolength{\topmargin}{-2.49998pt}.

[11 <./File/Preprocessing/fullDataClass.png>]
(./Capitoli/AnalisiDatiSostanze.tex
<File/AnalisiDati/sostanzeIstanze.pdf, id=374, 578.16pt x 361.35pt>
File: File/AnalisiDati/sostanzeIstanze.pdf Graphic file (type pdf)
<use File/AnalisiDati/sostanzeIstanze.pdf>
Package pdftex.def Info: File/AnalisiDati/sostanzeIstanze.pdf  used on input li
ne 37.
(pdftex.def)             Requested size: 390.0pt x 243.74634pt.


Package fancyhdr Warning: \headheight is too small (12.0pt): 
(fancyhdr)                Make it at least 14.49998pt, for example:
(fancyhdr)                \setlength{\headheight}{14.49998pt}.
(fancyhdr)                You might also make \topmargin smaller to compensate:

(fancyhdr)                \addtolength{\topmargin}{-2.49998pt}.

[12]
<File/AnalisiDati/sostanzeProvince.png, id=402, 578.16pt x 361.35pt>
File: File/AnalisiDati/sostanzeProvince.png Graphic file (type png)
<use File/AnalisiDati/sostanzeProvince.png>
Package pdftex.def Info: File/AnalisiDati/sostanzeProvince.png  used on input l
ine 45.
(pdftex.def)             Requested size: 390.0pt x 243.74634pt.


Package fancyhdr Warning: \headheight is too small (12.0pt): 
(fancyhdr)                Make it at least 14.49998pt, for example:
(fancyhdr)                \setlength{\headheight}{14.49998pt}.
(fancyhdr)                You might also make \topmargin smaller to compensate:

(fancyhdr)                \addtolength{\topmargin}{-2.49998pt}.

[13 <./File/AnalisiDati/sostanzeIstanze.pdf> <./File/AnalisiDati/sostanzeProvin
ce.png>]

Package fancyhdr Warning: \headheight is too small (12.0pt): 
(fancyhdr)                Make it at least 14.49998pt, for example:
(fancyhdr)                \setlength{\headheight}{14.49998pt}.
(fancyhdr)                You might also make \topmargin smaller to compensate:

(fancyhdr)                \addtolength{\topmargin}{-2.49998pt}.

[14]
<File/AnalisiDati/BC/trendBC.pdf, id=436, 578.16pt x 361.35pt>
File: File/AnalisiDati/BC/trendBC.pdf Graphic file (type pdf)
<use File/AnalisiDati/BC/trendBC.pdf>
Package pdftex.def Info: File/AnalisiDati/BC/trendBC.pdf  used on input line 12
5.
(pdftex.def)             Requested size: 390.0pt x 243.74634pt.


Package fancyhdr Warning: \headheight is too small (12.0pt): 
(fancyhdr)                Make it at least 14.49998pt, for example:
(fancyhdr)                \setlength{\headheight}{14.49998pt}.
(fancyhdr)                You might also make \topmargin smaller to compensate:

(fancyhdr)                \addtolength{\topmargin}{-2.49998pt}.

[15 <./File/AnalisiDati/BC/trendBC.pdf>]
<File/AnalisiDati/PM10/PM10DailyLimit.pdf, id=449, 578.16pt x 361.35pt>
File: File/AnalisiDati/PM10/PM10DailyLimit.pdf Graphic file (type pdf)
<use File/AnalisiDati/PM10/PM10DailyLimit.pdf>
Package pdftex.def Info: File/AnalisiDati/PM10/PM10DailyLimit.pdf  used on inpu
t line 144.
(pdftex.def)             Requested size: 390.0pt x 243.74634pt.


Package fancyhdr Warning: \headheight is too small (12.0pt): 
(fancyhdr)                Make it at least 14.49998pt, for example:
(fancyhdr)                \setlength{\headheight}{14.49998pt}.
(fancyhdr)                You might also make \topmargin smaller to compensate:

(fancyhdr)                \addtolength{\topmargin}{-2.49998pt}.

[16 <./File/AnalisiDati/PM10/PM10DailyLimit.pdf>]
<File/AnalisiDati/PM10/AnnualPM10.pdf, id=463, 578.16pt x 361.35pt>
File: File/AnalisiDati/PM10/AnnualPM10.pdf Graphic file (type pdf)
<use File/AnalisiDati/PM10/AnnualPM10.pdf>
Package pdftex.def Info: File/AnalisiDati/PM10/AnnualPM10.pdf  used on input li
ne 160.
(pdftex.def)             Requested size: 390.0pt x 243.74634pt.


Package fancyhdr Warning: \headheight is too small (12.0pt): 
(fancyhdr)                Make it at least 14.49998pt, for example:
(fancyhdr)                \setlength{\headheight}{14.49998pt}.
(fancyhdr)                You might also make \topmargin smaller to compensate:

(fancyhdr)                \addtolength{\topmargin}{-2.49998pt}.

[17 <./File/AnalisiDati/PM10/AnnualPM10.pdf>]
<File/AnalisiDati/PM10/annualDensityPM10Station.pdf, id=476, 361.35pt x 361.35p
t>
File: File/AnalisiDati/PM10/annualDensityPM10Station.pdf Graphic file (type pdf
)
<use File/AnalisiDati/PM10/annualDensityPM10Station.pdf>
Package pdftex.def Info: File/AnalisiDati/PM10/annualDensityPM10Station.pdf  us
ed on input line 177.
(pdftex.def)             Requested size: 390.0pt x 390.00407pt.
<File/AnalisiDati/PM10/annualDensityPM10Zone.pdf, id=477, 361.35pt x 361.35pt>
File: File/AnalisiDati/PM10/annualDensityPM10Zone.pdf Graphic file (type pdf)
<use File/AnalisiDati/PM10/annualDensityPM10Zone.pdf>
Package pdftex.def Info: File/AnalisiDati/PM10/annualDensityPM10Zone.pdf  used 
on input line 186.
(pdftex.def)             Requested size: 390.0pt x 390.00407pt.


Package fancyhdr Warning: \headheight is too small (12.0pt): 
(fancyhdr)                Make it at least 14.49998pt, for example:
(fancyhdr)                \setlength{\headheight}{14.49998pt}.
(fancyhdr)                You might also make \topmargin smaller to compensate:

(fancyhdr)                \addtolength{\topmargin}{-2.49998pt}.

[18 <./File/AnalisiDati/PM10/annualDensityPM10Station.pdf>]

Package fancyhdr Warning: \headheight is too small (12.0pt): 
(fancyhdr)                Make it at least 14.49998pt, for example:
(fancyhdr)                \setlength{\headheight}{14.49998pt}.
(fancyhdr)                You might also make \topmargin smaller to compensate:

(fancyhdr)                \addtolength{\topmargin}{-2.49998pt}.

[19 <./File/AnalisiDati/PM10/annualDensityPM10Zone.pdf>]
<File/AnalisiDati/PM2.5/annualPM2.5.pdf, id=515, 578.16pt x 361.35pt>
File: File/AnalisiDati/PM2.5/annualPM2.5.pdf Graphic file (type pdf)
<use File/AnalisiDati/PM2.5/annualPM2.5.pdf>
Package pdftex.def Info: File/AnalisiDati/PM2.5/annualPM2.5.pdf  used on input 
line 205.
(pdftex.def)             Requested size: 390.0pt x 243.74634pt.


Package fancyhdr Warning: \headheight is too small (12.0pt): 
(fancyhdr)                Make it at least 14.49998pt, for example:
(fancyhdr)                \setlength{\headheight}{14.49998pt}.
(fancyhdr)                You might also make \topmargin smaller to compensate:

(fancyhdr)                \addtolength{\topmargin}{-2.49998pt}.

[20 <./File/AnalisiDati/PM2.5/annualPM2.5.pdf>]
<File/AnalisiDati/PM2.5/annualDensityPM2.5Station.pdf, id=529, 361.35pt x 361.3
5pt>
File: File/AnalisiDati/PM2.5/annualDensityPM2.5Station.pdf Graphic file (type p
df)
<use File/AnalisiDati/PM2.5/annualDensityPM2.5Station.pdf>
Package pdftex.def Info: File/AnalisiDati/PM2.5/annualDensityPM2.5Station.pdf  
used on input line 222.
(pdftex.def)             Requested size: 390.0pt x 390.00407pt.
<File/AnalisiDati/PM2.5/annualDensityPM2.5Zone.pdf, id=530, 361.35pt x 361.35pt
>
File: File/AnalisiDati/PM2.5/annualDensityPM2.5Zone.pdf Graphic file (type pdf)

<use File/AnalisiDati/PM2.5/annualDensityPM2.5Zone.pdf>
Package pdftex.def Info: File/AnalisiDati/PM2.5/annualDensityPM2.5Zone.pdf  use
d on input line 230.
(pdftex.def)             Requested size: 390.0pt x 390.00407pt.


Package fancyhdr Warning: \headheight is too small (12.0pt): 
(fancyhdr)                Make it at least 14.49998pt, for example:
(fancyhdr)                \setlength{\headheight}{14.49998pt}.
(fancyhdr)                You might also make \topmargin smaller to compensate:

(fancyhdr)                \addtolength{\topmargin}{-2.49998pt}.

[21 <./File/AnalisiDati/PM2.5/annualDensityPM2.5Station.pdf>]

Package fancyhdr Warning: \headheight is too small (12.0pt): 
(fancyhdr)                Make it at least 14.49998pt, for example:
(fancyhdr)                \setlength{\headheight}{14.49998pt}.
(fancyhdr)                You might also make \topmargin smaller to compensate:

(fancyhdr)                \addtolength{\topmargin}{-2.49998pt}.

[22 <./File/AnalisiDati/PM2.5/annualDensityPM2.5Zone.pdf>]
<File/AnalisiDati/NO2/NO2DailyLimit.pdf, id=568, 578.16pt x 361.35pt>
File: File/AnalisiDati/NO2/NO2DailyLimit.pdf Graphic file (type pdf)
<use File/AnalisiDati/NO2/NO2DailyLimit.pdf>
Package pdftex.def Info: File/AnalisiDati/NO2/NO2DailyLimit.pdf  used on input 
line 253.
(pdftex.def)             Requested size: 390.0pt x 243.74634pt.


Package fancyhdr Warning: \headheight is too small (12.0pt): 
(fancyhdr)                Make it at least 14.49998pt, for example:
(fancyhdr)                \setlength{\headheight}{14.49998pt}.
(fancyhdr)                You might also make \topmargin smaller to compensate:

(fancyhdr)                \addtolength{\topmargin}{-2.49998pt}.

[23 <./File/AnalisiDati/NO2/NO2DailyLimit.pdf>]
<File/AnalisiDati/NO2/AnnualNO2.pdf, id=581, 578.16pt x 361.35pt>
File: File/AnalisiDati/NO2/AnnualNO2.pdf Graphic file (type pdf)
<use File/AnalisiDati/NO2/AnnualNO2.pdf>
Package pdftex.def Info: File/AnalisiDati/NO2/AnnualNO2.pdf  used on input line
 267.
(pdftex.def)             Requested size: 390.0pt x 243.74634pt.


Package fancyhdr Warning: \headheight is too small (12.0pt): 
(fancyhdr)                Make it at least 14.49998pt, for example:
(fancyhdr)                \setlength{\headheight}{14.49998pt}.
(fancyhdr)                You might also make \topmargin smaller to compensate:

(fancyhdr)                \addtolength{\topmargin}{-2.49998pt}.

[24 <./File/AnalisiDati/NO2/AnnualNO2.pdf>]
<File/AnalisiDati/NO2/annualDensityNO2Station.pdf, id=594, 361.35pt x 361.35pt>

File: File/AnalisiDati/NO2/annualDensityNO2Station.pdf Graphic file (type pdf)
<use File/AnalisiDati/NO2/annualDensityNO2Station.pdf>
Package pdftex.def Info: File/AnalisiDati/NO2/annualDensityNO2Station.pdf  used
 on input line 284.
(pdftex.def)             Requested size: 390.0pt x 390.00407pt.
<File/AnalisiDati/NO2/annualDensityNO2Zone.pdf, id=595, 361.35pt x 361.35pt>
File: File/AnalisiDati/NO2/annualDensityNO2Zone.pdf Graphic file (type pdf)
<use File/AnalisiDati/NO2/annualDensityNO2Zone.pdf>
Package pdftex.def Info: File/AnalisiDati/NO2/annualDensityNO2Zone.pdf  used on
 input line 292.
(pdftex.def)             Requested size: 390.0pt x 390.00407pt.


Package fancyhdr Warning: \headheight is too small (12.0pt): 
(fancyhdr)                Make it at least 14.49998pt, for example:
(fancyhdr)                \setlength{\headheight}{14.49998pt}.
(fancyhdr)                You might also make \topmargin smaller to compensate:

(fancyhdr)                \addtolength{\topmargin}{-2.49998pt}.

[25 <./File/AnalisiDati/NO2/annualDensityNO2Station.pdf>]

Package fancyhdr Warning: \headheight is too small (12.0pt): 
(fancyhdr)                Make it at least 14.49998pt, for example:
(fancyhdr)                \setlength{\headheight}{14.49998pt}.
(fancyhdr)                You might also make \topmargin smaller to compensate:

(fancyhdr)                \addtolength{\topmargin}{-2.49998pt}.

[26 <./File/AnalisiDati/NO2/annualDensityNO2Zone.pdf>]

Package fancyhdr Warning: \headheight is too small (12.0pt): 
(fancyhdr)                Make it at least 14.49998pt, for example:
(fancyhdr)                \setlength{\headheight}{14.49998pt}.
(fancyhdr)                You might also make \topmargin smaller to compensate:

(fancyhdr)                \addtolength{\topmargin}{-2.49998pt}.

[27]
<File/AnalisiDati/SO2/annualDensitySO2Station.pdf, id=669, 361.35pt x 361.35pt>

File: File/AnalisiDati/SO2/annualDensitySO2Station.pdf Graphic file (type pdf)
<use File/AnalisiDati/SO2/annualDensitySO2Station.pdf>
Package pdftex.def Info: File/AnalisiDati/SO2/annualDensitySO2Station.pdf  used
 on input line 375.
(pdftex.def)             Requested size: 370.49881pt x 370.50194pt.


Package fancyhdr Warning: \headheight is too small (12.0pt): 
(fancyhdr)                Make it at least 14.49998pt, for example:
(fancyhdr)                \setlength{\headheight}{14.49998pt}.
(fancyhdr)                You might also make \topmargin smaller to compensate:

(fancyhdr)                \addtolength{\topmargin}{-2.49998pt}.

[28 <./File/AnalisiDati/SO2/annualDensitySO2Station.pdf>]
<File/AnalisiDati/SO2/annualDensitySO2Zone.pdf, id=691, 361.35pt x 361.35pt>
File: File/AnalisiDati/SO2/annualDensitySO2Zone.pdf Graphic file (type pdf)
<use File/AnalisiDati/SO2/annualDensitySO2Zone.pdf>
Package pdftex.def Info: File/AnalisiDati/SO2/annualDensitySO2Zone.pdf  used on
 input line 388.
(pdftex.def)             Requested size: 370.49881pt x 370.50194pt.


Package fancyhdr Warning: \headheight is too small (12.0pt): 
(fancyhdr)                Make it at least 14.49998pt, for example:
(fancyhdr)                \setlength{\headheight}{14.49998pt}.
(fancyhdr)                You might also make \topmargin smaller to compensate:

(fancyhdr)                \addtolength{\topmargin}{-2.49998pt}.

[29 <./File/AnalisiDati/SO2/annualDensitySO2Zone.pdf>]
<File/AnalisiDati/O3/O3OverLimit.pdf, id=712, 578.16pt x 361.35pt>
File: File/AnalisiDati/O3/O3OverLimit.pdf Graphic file (type pdf)
<use File/AnalisiDati/O3/O3OverLimit.pdf>
Package pdftex.def Info: File/AnalisiDati/O3/O3OverLimit.pdf  used on input lin
e 412.
(pdftex.def)             Requested size: 390.0pt x 243.74634pt.


Package fancyhdr Warning: \headheight is too small (12.0pt): 
(fancyhdr)                Make it at least 14.49998pt, for example:
(fancyhdr)                \setlength{\headheight}{14.49998pt}.
(fancyhdr)                You might also make \topmargin smaller to compensate:

(fancyhdr)                \addtolength{\topmargin}{-2.49998pt}.

[30 <./File/AnalisiDati/O3/O3OverLimit.pdf>]
<File/AnalisiDati/O3/annualDensityO3Station.pdf, id=725, 361.35pt x 361.35pt>
File: File/AnalisiDati/O3/annualDensityO3Station.pdf Graphic file (type pdf)
<use File/AnalisiDati/O3/annualDensityO3Station.pdf>
Package pdftex.def Info: File/AnalisiDati/O3/annualDensityO3Station.pdf  used o
n input line 430.
(pdftex.def)             Requested size: 390.0pt x 390.00407pt.
<File/AnalisiDati/O3/annualDensityO3Zone.pdf, id=726, 361.35pt x 361.35pt>
File: File/AnalisiDati/O3/annualDensityO3Zone.pdf Graphic file (type pdf)
<use File/AnalisiDati/O3/annualDensityO3Zone.pdf>
Package pdftex.def Info: File/AnalisiDati/O3/annualDensityO3Zone.pdf  used on i
nput line 438.
(pdftex.def)             Requested size: 390.0pt x 390.00407pt.


Package fancyhdr Warning: \headheight is too small (12.0pt): 
(fancyhdr)                Make it at least 14.49998pt, for example:
(fancyhdr)                \setlength{\headheight}{14.49998pt}.
(fancyhdr)                You might also make \topmargin smaller to compensate:

(fancyhdr)                \addtolength{\topmargin}{-2.49998pt}.

[31 <./File/AnalisiDati/O3/annualDensityO3Station.pdf>]

Package fancyhdr Warning: \headheight is too small (12.0pt): 
(fancyhdr)                Make it at least 14.49998pt, for example:
(fancyhdr)                \setlength{\headheight}{14.49998pt}.
(fancyhdr)                You might also make \topmargin smaller to compensate:

(fancyhdr)                \addtolength{\topmargin}{-2.49998pt}.

[32 <./File/AnalisiDati/O3/annualDensityO3Zone.pdf>]

Package fancyhdr Warning: \headheight is too small (12.0pt): 
(fancyhdr)                Make it at least 14.49998pt, for example:
(fancyhdr)                \setlength{\headheight}{14.49998pt}.
(fancyhdr)                You might also make \topmargin smaller to compensate:

(fancyhdr)                \addtolength{\topmargin}{-2.49998pt}.

[33]
<File/AnalisiDati/Benzene/annualBenzene.pdf, id=781, 578.16pt x 361.35pt>
File: File/AnalisiDati/Benzene/annualBenzene.pdf Graphic file (type pdf)
<use File/AnalisiDati/Benzene/annualBenzene.pdf>
Package pdftex.def Info: File/AnalisiDati/Benzene/annualBenzene.pdf  used on in
put line 501.
(pdftex.def)             Requested size: 390.0pt x 243.74634pt.


Package fancyhdr Warning: \headheight is too small (12.0pt): 
(fancyhdr)                Make it at least 14.49998pt, for example:
(fancyhdr)                \setlength{\headheight}{14.49998pt}.
(fancyhdr)                You might also make \topmargin smaller to compensate:

(fancyhdr)                \addtolength{\topmargin}{-2.49998pt}.

[34 <./File/AnalisiDati/Benzene/annualBenzene.pdf>]
<File/AnalisiDati/Benzene/annualDensityBenzeneStation.pdf, id=794, 361.35pt x 3
61.35pt>
File: File/AnalisiDati/Benzene/annualDensityBenzeneStation.pdf Graphic file (ty
pe pdf)
<use File/AnalisiDati/Benzene/annualDensityBenzeneStation.pdf>
Package pdftex.def Info: File/AnalisiDati/Benzene/annualDensityBenzeneStation.p
df  used on input line 520.
(pdftex.def)             Requested size: 390.0pt x 390.00407pt.
<File/AnalisiDati/Benzene/annualDensityBenzeneZone.pdf, id=795, 361.35pt x 361.
35pt>
File: File/AnalisiDati/Benzene/annualDensityBenzeneZone.pdf Graphic file (type 
pdf)
<use File/AnalisiDati/Benzene/annualDensityBenzeneZone.pdf>
Package pdftex.def Info: File/AnalisiDati/Benzene/annualDensityBenzeneZone.pdf 
 used on input line 528.
(pdftex.def)             Requested size: 390.0pt x 390.00407pt.


Package fancyhdr Warning: \headheight is too small (12.0pt): 
(fancyhdr)                Make it at least 14.49998pt, for example:
(fancyhdr)                \setlength{\headheight}{14.49998pt}.
(fancyhdr)                You might also make \topmargin smaller to compensate:

(fancyhdr)                \addtolength{\topmargin}{-2.49998pt}.

[35 <./File/AnalisiDati/Benzene/annualDensityBenzeneStation.pdf>]

Package fancyhdr Warning: \headheight is too small (12.0pt): 
(fancyhdr)                Make it at least 14.49998pt, for example:
(fancyhdr)                \setlength{\headheight}{14.49998pt}.
(fancyhdr)                You might also make \topmargin smaller to compensate:

(fancyhdr)                \addtolength{\topmargin}{-2.49998pt}.

[36 <./File/AnalisiDati/Benzene/annualDensityBenzeneZone.pdf>]
<File/AnalisiDati/NH3/NH3DailyLimit.pdf, id=834, 578.16pt x 361.35pt>
File: File/AnalisiDati/NH3/NH3DailyLimit.pdf Graphic file (type pdf)
<use File/AnalisiDati/NH3/NH3DailyLimit.pdf>
Package pdftex.def Info: File/AnalisiDati/NH3/NH3DailyLimit.pdf  used on input 
line 552.
(pdftex.def)             Requested size: 390.0pt x 243.74634pt.


Package fancyhdr Warning: \headheight is too small (12.0pt): 
(fancyhdr)                Make it at least 14.49998pt, for example:
(fancyhdr)                \setlength{\headheight}{14.49998pt}.
(fancyhdr)                You might also make \topmargin smaller to compensate:

(fancyhdr)                \addtolength{\topmargin}{-2.49998pt}.

[37 <./File/AnalisiDati/NH3/NH3DailyLimit.pdf>]
<File/AnalisiDati/NH3/annualDensityNH3Station.pdf, id=848, 361.35pt x 361.35pt>

File: File/AnalisiDati/NH3/annualDensityNH3Station.pdf Graphic file (type pdf)
<use File/AnalisiDati/NH3/annualDensityNH3Station.pdf>
Package pdftex.def Info: File/AnalisiDati/NH3/annualDensityNH3Station.pdf  used
 on input line 567.
(pdftex.def)             Requested size: 390.0pt x 390.00407pt.
<File/AnalisiDati/NH3/annualDensityNH3Zone.pdf, id=849, 361.35pt x 361.35pt>
File: File/AnalisiDati/NH3/annualDensityNH3Zone.pdf Graphic file (type pdf)
<use File/AnalisiDati/NH3/annualDensityNH3Zone.pdf>
Package pdftex.def Info: File/AnalisiDati/NH3/annualDensityNH3Zone.pdf  used on
 input line 575.
(pdftex.def)             Requested size: 390.0pt x 390.00407pt.


Package fancyhdr Warning: \headheight is too small (12.0pt): 
(fancyhdr)                Make it at least 14.49998pt, for example:
(fancyhdr)                \setlength{\headheight}{14.49998pt}.
(fancyhdr)                You might also make \topmargin smaller to compensate:

(fancyhdr)                \addtolength{\topmargin}{-2.49998pt}.

[38 <./File/AnalisiDati/NH3/annualDensityNH3Station.pdf>]

Package fancyhdr Warning: \headheight is too small (12.0pt): 
(fancyhdr)                Make it at least 14.49998pt, for example:
(fancyhdr)                \setlength{\headheight}{14.49998pt}.
(fancyhdr)                You might also make \topmargin smaller to compensate:

(fancyhdr)                \addtolength{\topmargin}{-2.49998pt}.

[39 <./File/AnalisiDati/NH3/annualDensityNH3Zone.pdf>]
<File/AnalisiDati/NOX/annualDensityNOXStation.pdf, id=885, 361.35pt x 361.35pt>

File: File/AnalisiDati/NOX/annualDensityNOXStation.pdf Graphic file (type pdf)
<use File/AnalisiDati/NOX/annualDensityNOXStation.pdf>
Package pdftex.def Info: File/AnalisiDati/NOX/annualDensityNOXStation.pdf  used
 on input line 595.
(pdftex.def)             Requested size: 390.0pt x 390.00407pt.


Package fancyhdr Warning: \headheight is too small (12.0pt): 
(fancyhdr)                Make it at least 14.49998pt, for example:
(fancyhdr)                \setlength{\headheight}{14.49998pt}.
(fancyhdr)                You might also make \topmargin smaller to compensate:

(fancyhdr)                \addtolength{\topmargin}{-2.49998pt}.

[40 <./File/AnalisiDati/NOX/annualDensityNOXStation.pdf>]
<File/AnalisiDati/NOX/annualDensityNOXZone.pdf, id=904, 361.35pt x 361.35pt>
File: File/AnalisiDati/NOX/annualDensityNOXZone.pdf Graphic file (type pdf)
<use File/AnalisiDati/NOX/annualDensityNOXZone.pdf>
Package pdftex.def Info: File/AnalisiDati/NOX/annualDensityNOXZone.pdf  used on
 input line 609.
(pdftex.def)             Requested size: 390.0pt x 390.00407pt.


Package fancyhdr Warning: \headheight is too small (12.0pt): 
(fancyhdr)                Make it at least 14.49998pt, for example:
(fancyhdr)                \setlength{\headheight}{14.49998pt}.
(fancyhdr)                You might also make \topmargin smaller to compensate:

(fancyhdr)                \addtolength{\topmargin}{-2.49998pt}.

[41 <./File/AnalisiDati/NOX/annualDensityNOXZone.pdf>]
<File/AnalisiDati/NO/annualDensityNOStation.pdf, id=923, 361.35pt x 361.35pt>
File: File/AnalisiDati/NO/annualDensityNOStation.pdf Graphic file (type pdf)
<use File/AnalisiDati/NO/annualDensityNOStation.pdf>
Package pdftex.def Info: File/AnalisiDati/NO/annualDensityNOStation.pdf  used o
n input line 631.
(pdftex.def)             Requested size: 390.0pt x 390.00407pt.


Package fancyhdr Warning: \headheight is too small (12.0pt): 
(fancyhdr)                Make it at least 14.49998pt, for example:
(fancyhdr)                \setlength{\headheight}{14.49998pt}.
(fancyhdr)                You might also make \topmargin smaller to compensate:

(fancyhdr)                \addtolength{\topmargin}{-2.49998pt}.

[42 <./File/AnalisiDati/NO/annualDensityNOStation.pdf>]
<File/AnalisiDati/NO/annualDensityNOZone.pdf, id=943, 361.35pt x 361.35pt>
File: File/AnalisiDati/NO/annualDensityNOZone.pdf Graphic file (type pdf)
<use File/AnalisiDati/NO/annualDensityNOZone.pdf>
Package pdftex.def Info: File/AnalisiDati/NO/annualDensityNOZone.pdf  used on i
nput line 644.
(pdftex.def)             Requested size: 390.0pt x 390.00407pt.
)

Package fancyhdr Warning: \headheight is too small (12.0pt): 
(fancyhdr)                Make it at least 14.49998pt, for example:
(fancyhdr)                \setlength{\headheight}{14.49998pt}.
(fancyhdr)                You might also make \topmargin smaller to compensate:

(fancyhdr)                \addtolength{\topmargin}{-2.49998pt}.

[43 <./File/AnalisiDati/NO/annualDensityNOZone.pdf>]
(./Capitoli/AnalisiDatiZone.tex
<File/AnalisiDati/Province/BSTrend.pdf, id=963, 578.16pt x 361.35pt>
File: File/AnalisiDati/Province/BSTrend.pdf Graphic file (type pdf)
<use File/AnalisiDati/Province/BSTrend.pdf>
Package pdftex.def Info: File/AnalisiDati/Province/BSTrend.pdf  used on input l
ine 8.
(pdftex.def)             Requested size: 390.0pt x 243.74634pt.

Overfull \hbox (1.26926pt too wide) in paragraph at lines 30--30
 []|\T1/cmr/m/n/10.95 PM10| 
 []


Overfull \hbox (4.29535pt too wide) in paragraph at lines 30--30
 []|\T1/cmr/m/n/10.95 PM2.5| 
 []


Overfull \hbox (1.26926pt too wide) in paragraph at lines 30--30
 []|\T1/cmr/m/n/10.95 PM10| 
 []


Overfull \hbox (4.29535pt too wide) in paragraph at lines 30--30
 []|\T1/cmr/m/n/10.95 PM2.5| 
 []


LaTeX Warning: `h' float specifier changed to `ht'.

<File/AnalisiDati/Province/BGTrend.pdf, id=964, 578.16pt x 361.35pt>
File: File/AnalisiDati/Province/BGTrend.pdf Graphic file (type pdf)
<use File/AnalisiDati/Province/BGTrend.pdf>
Package pdftex.def Info: File/AnalisiDati/Province/BGTrend.pdf  used on input l
ine 40.
(pdftex.def)             Requested size: 390.0pt x 243.74634pt.

Package fancyhdr Warning: \headheight is too small (12.0pt): 
(fancyhdr)                Make it at least 14.49998pt, for example:
(fancyhdr)                \setlength{\headheight}{14.49998pt}.
(fancyhdr)                You might also make \topmargin smaller to compensate:

(fancyhdr)                \addtolength{\topmargin}{-2.49998pt}.

[44 <./File/AnalisiDati/Province/BSTrend.pdf>]
Overfull \hbox (1.26926pt too wide) in paragraph at lines 62--62
 []|\T1/cmr/m/n/10.95 PM10| 
 []


Overfull \hbox (4.29535pt too wide) in paragraph at lines 62--62
 []|\T1/cmr/m/n/10.95 PM2.5| 
 []


Overfull \hbox (1.26926pt too wide) in paragraph at lines 62--62
 []|\T1/cmr/m/n/10.95 PM10| 
 []


Overfull \hbox (4.29535pt too wide) in paragraph at lines 62--62
 []|\T1/cmr/m/n/10.95 PM2.5| 
 []


LaTeX Warning: `h' float specifier changed to `ht'.

<File/AnalisiDati/Province/COTrend.pdf, id=975, 578.16pt x 361.35pt>
File: File/AnalisiDati/Province/COTrend.pdf Graphic file (type pdf)
<use File/AnalisiDati/Province/COTrend.pdf>
Package pdftex.def Info: File/AnalisiDati/Province/COTrend.pdf  used on input l
ine 73.
(pdftex.def)             Requested size: 390.0pt x 243.74634pt.

Package fancyhdr Warning: \headheight is too small (12.0pt): 
(fancyhdr)                Make it at least 14.49998pt, for example:
(fancyhdr)                \setlength{\headheight}{14.49998pt}.
(fancyhdr)                You might also make \topmargin smaller to compensate:

(fancyhdr)                \addtolength{\topmargin}{-2.49998pt}.

[45 <./File/AnalisiDati/Province/BGTrend.pdf>]

LaTeX Warning: `h' float specifier changed to `ht'.

<File/AnalisiDati/Province/CRTrend.pdf, id=987, 578.16pt x 361.35pt>
File: File/AnalisiDati/Province/CRTrend.pdf Graphic file (type pdf)
<use File/AnalisiDati/Province/CRTrend.pdf>
Package pdftex.def Info: File/AnalisiDati/Province/CRTrend.pdf  used on input l
ine 103.
(pdftex.def)             Requested size: 390.0pt x 243.74634pt.

Package fancyhdr Warning: \headheight is too small (12.0pt): 
(fancyhdr)                Make it at least 14.49998pt, for example:
(fancyhdr)                \setlength{\headheight}{14.49998pt}.
(fancyhdr)                You might also make \topmargin smaller to compensate:

(fancyhdr)                \addtolength{\topmargin}{-2.49998pt}.

[46 <./File/AnalisiDati/Province/COTrend.pdf>]
Overfull \hbox (1.26926pt too wide) in paragraph at lines 125--125
 []|\T1/cmr/m/n/10.95 PM10| 
 []


Overfull \hbox (4.29535pt too wide) in paragraph at lines 125--125
 []|\T1/cmr/m/n/10.95 PM2.5| 
 []


Overfull \hbox (1.26926pt too wide) in paragraph at lines 125--125
 []|\T1/cmr/m/n/10.95 PM10| 
 []


Overfull \hbox (4.29535pt too wide) in paragraph at lines 125--125
 []|\T1/cmr/m/n/10.95 PM2.5| 
 []


LaTeX Warning: `h' float specifier changed to `ht'.

<File/AnalisiDati/Province/LCTrend.pdf, id=999, 578.16pt x 361.35pt>
File: File/AnalisiDati/Province/LCTrend.pdf Graphic file (type pdf)
<use File/AnalisiDati/Province/LCTrend.pdf>
Package pdftex.def Info: File/AnalisiDati/Province/LCTrend.pdf  used on input l
ine 134.
(pdftex.def)             Requested size: 390.0pt x 243.74634pt.

Package fancyhdr Warning: \headheight is too small (12.0pt): 
(fancyhdr)                Make it at least 14.49998pt, for example:
(fancyhdr)                \setlength{\headheight}{14.49998pt}.
(fancyhdr)                You might also make \topmargin smaller to compensate:

(fancyhdr)                \addtolength{\topmargin}{-2.49998pt}.

[47 <./File/AnalisiDati/Province/CRTrend.pdf>]
Overfull \hbox (3.45615pt too wide) in paragraph at lines 157--157
 []|\T1/cmr/m/n/10.95 C6H6| 
 []


Overfull \hbox (1.03151pt too wide) in paragraph at lines 157--157
 []|\T1/cmr/m/n/10.95 NOX| 
 []


Overfull \hbox (4.8147pt too wide) in paragraph at lines 157--157
 []|\T1/cmr/m/n/10.95 PM10| 
 []


Overfull \hbox (7.84079pt too wide) in paragraph at lines 157--157
 []|\T1/cmr/m/n/10.95 PM2.5| 
 []


Overfull \hbox (3.45615pt too wide) in paragraph at lines 157--157
 []|\T1/cmr/m/n/10.95 C6H6| 
 []


Overfull \hbox (1.03151pt too wide) in paragraph at lines 157--157
 []|\T1/cmr/m/n/10.95 NOX| 
 []


Overfull \hbox (4.8147pt too wide) in paragraph at lines 157--157
 []|\T1/cmr/m/n/10.95 PM10| 
 []


Overfull \hbox (7.84079pt too wide) in paragraph at lines 157--157
 []|\T1/cmr/m/n/10.95 PM2.5| 
 []


LaTeX Warning: `h' float specifier changed to `ht'.

<File/AnalisiDati/Province/LOTrend.pdf, id=1011, 578.16pt x 361.35pt>
File: File/AnalisiDati/Province/LOTrend.pdf Graphic file (type pdf)
<use File/AnalisiDati/Province/LOTrend.pdf>
Package pdftex.def Info: File/AnalisiDati/Province/LOTrend.pdf  used on input l
ine 166.
(pdftex.def)             Requested size: 390.0pt x 243.74634pt.

Package fancyhdr Warning: \headheight is too small (12.0pt): 
(fancyhdr)                Make it at least 14.49998pt, for example:
(fancyhdr)                \setlength{\headheight}{14.49998pt}.
(fancyhdr)                You might also make \topmargin smaller to compensate:

(fancyhdr)                \addtolength{\topmargin}{-2.49998pt}.

[48 <./File/AnalisiDati/Province/LCTrend.pdf>]
Overfull \hbox (1.26926pt too wide) in paragraph at lines 188--188
 []|\T1/cmr/m/n/10.95 PM10| 
 []


Overfull \hbox (4.29535pt too wide) in paragraph at lines 188--188
 []|\T1/cmr/m/n/10.95 PM2.5| 
 []


Overfull \hbox (1.26926pt too wide) in paragraph at lines 188--188
 []|\T1/cmr/m/n/10.95 PM10| 
 []


Overfull \hbox (4.29535pt too wide) in paragraph at lines 188--188
 []|\T1/cmr/m/n/10.95 PM2.5| 
 []


LaTeX Warning: `h' float specifier changed to `ht'.

<File/AnalisiDati/Province/MBTrend.pdf, id=1023, 578.16pt x 361.35pt>
File: File/AnalisiDati/Province/MBTrend.pdf Graphic file (type pdf)
<use File/AnalisiDati/Province/MBTrend.pdf>
Package pdftex.def Info: File/AnalisiDati/Province/MBTrend.pdf  used on input l
ine 198.
(pdftex.def)             Requested size: 390.0pt x 243.74634pt.

Package fancyhdr Warning: \headheight is too small (12.0pt): 
(fancyhdr)                Make it at least 14.49998pt, for example:
(fancyhdr)                \setlength{\headheight}{14.49998pt}.
(fancyhdr)                You might also make \topmargin smaller to compensate:

(fancyhdr)                \addtolength{\topmargin}{-2.49998pt}.

[49 <./File/AnalisiDati/Province/LOTrend.pdf>]

LaTeX Warning: `h' float specifier changed to `ht'.

<File/AnalisiDati/Province/MITrend.pdf, id=1036, 578.16pt x 361.35pt>
File: File/AnalisiDati/Province/MITrend.pdf Graphic file (type pdf)
<use File/AnalisiDati/Province/MITrend.pdf>
Package pdftex.def Info: File/AnalisiDati/Province/MITrend.pdf  used on input l
ine 229.
(pdftex.def)             Requested size: 390.0pt x 243.74634pt.

Package fancyhdr Warning: \headheight is too small (12.0pt): 
(fancyhdr)                Make it at least 14.49998pt, for example:
(fancyhdr)                \setlength{\headheight}{14.49998pt}.
(fancyhdr)                You might also make \topmargin smaller to compensate:

(fancyhdr)                \addtolength{\topmargin}{-2.49998pt}.

[50 <./File/AnalisiDati/Province/MBTrend.pdf>]
Overfull \hbox (3.45615pt too wide) in paragraph at lines 254--254
 []|\T1/cmr/m/n/10.95 C6H6| 
 []


Overfull \hbox (1.03151pt too wide) in paragraph at lines 254--254
 []|\T1/cmr/m/n/10.95 NOX| 
 []


Overfull \hbox (4.8147pt too wide) in paragraph at lines 254--254
 []|\T1/cmr/m/n/10.95 PM10| 
 []


Overfull \hbox (7.84079pt too wide) in paragraph at lines 254--254
 []|\T1/cmr/m/n/10.95 PM2.5| 
 []


Overfull \hbox (3.45615pt too wide) in paragraph at lines 254--254
 []|\T1/cmr/m/n/10.95 C6H6| 
 []


Overfull \hbox (1.03151pt too wide) in paragraph at lines 254--254
 []|\T1/cmr/m/n/10.95 NOX| 
 []


Overfull \hbox (4.8147pt too wide) in paragraph at lines 254--254
 []|\T1/cmr/m/n/10.95 PM10| 
 []


Overfull \hbox (7.84079pt too wide) in paragraph at lines 254--254
 []|\T1/cmr/m/n/10.95 PM2.5| 
 []


LaTeX Warning: `h' float specifier changed to `ht'.

<File/AnalisiDati/Province/MNTrend.pdf, id=1048, 578.16pt x 361.35pt>
File: File/AnalisiDati/Province/MNTrend.pdf Graphic file (type pdf)
<use File/AnalisiDati/Province/MNTrend.pdf>
Package pdftex.def Info: File/AnalisiDati/Province/MNTrend.pdf  used on input l
ine 264.
(pdftex.def)             Requested size: 390.0pt x 243.74634pt.

Package fancyhdr Warning: \headheight is too small (12.0pt): 
(fancyhdr)                Make it at least 14.49998pt, for example:
(fancyhdr)                \setlength{\headheight}{14.49998pt}.
(fancyhdr)                You might also make \topmargin smaller to compensate:

(fancyhdr)                \addtolength{\topmargin}{-2.49998pt}.

[51 <./File/AnalisiDati/Province/MITrend.pdf>]
Overfull \hbox (1.26926pt too wide) in paragraph at lines 286--286
 []|\T1/cmr/m/n/10.95 PM10| 
 []


Overfull \hbox (4.29535pt too wide) in paragraph at lines 286--286
 []|\T1/cmr/m/n/10.95 PM2.5| 
 []


Overfull \hbox (1.26926pt too wide) in paragraph at lines 286--286
 []|\T1/cmr/m/n/10.95 PM10| 
 []


Overfull \hbox (4.29535pt too wide) in paragraph at lines 286--286
 []|\T1/cmr/m/n/10.95 PM2.5| 
 []


LaTeX Warning: `h' float specifier changed to `ht'.

<File/AnalisiDati/Province/PVTrend.pdf, id=1060, 578.16pt x 361.35pt>
File: File/AnalisiDati/Province/PVTrend.pdf Graphic file (type pdf)
<use File/AnalisiDati/Province/PVTrend.pdf>
Package pdftex.def Info: File/AnalisiDati/Province/PVTrend.pdf  used on input l
ine 296.
(pdftex.def)             Requested size: 390.0pt x 243.74634pt.

Package fancyhdr Warning: \headheight is too small (12.0pt): 
(fancyhdr)                Make it at least 14.49998pt, for example:
(fancyhdr)                \setlength{\headheight}{14.49998pt}.
(fancyhdr)                You might also make \topmargin smaller to compensate:

(fancyhdr)                \addtolength{\topmargin}{-2.49998pt}.

[52 <./File/AnalisiDati/Province/MNTrend.pdf>]
Overfull \hbox (1.26926pt too wide) in paragraph at lines 318--318
 []|\T1/cmr/m/n/10.95 PM10| 
 []


Overfull \hbox (4.29535pt too wide) in paragraph at lines 318--318
 []|\T1/cmr/m/n/10.95 PM2.5| 
 []


Overfull \hbox (1.26926pt too wide) in paragraph at lines 318--318
 []|\T1/cmr/m/n/10.95 PM10| 
 []


Overfull \hbox (4.29535pt too wide) in paragraph at lines 318--318
 []|\T1/cmr/m/n/10.95 PM2.5| 
 []


LaTeX Warning: `h' float specifier changed to `ht'.

<File/AnalisiDati/Province/SOTrend.pdf, id=1073, 578.16pt x 361.35pt>
File: File/AnalisiDati/Province/SOTrend.pdf Graphic file (type pdf)
<use File/AnalisiDati/Province/SOTrend.pdf>
Package pdftex.def Info: File/AnalisiDati/Province/SOTrend.pdf  used on input l
ine 328.
(pdftex.def)             Requested size: 390.0pt x 243.74634pt.

Package fancyhdr Warning: \headheight is too small (12.0pt): 
(fancyhdr)                Make it at least 14.49998pt, for example:
(fancyhdr)                \setlength{\headheight}{14.49998pt}.
(fancyhdr)                You might also make \topmargin smaller to compensate:

(fancyhdr)                \addtolength{\topmargin}{-2.49998pt}.

[53 <./File/AnalisiDati/Province/PVTrend.pdf>]

LaTeX Warning: `h' float specifier changed to `ht'.

<File/AnalisiDati/Province/VATrend.pdf, id=1085, 578.16pt x 361.35pt>
File: File/AnalisiDati/Province/VATrend.pdf Graphic file (type pdf)
<use File/AnalisiDati/Province/VATrend.pdf>
Package pdftex.def Info: File/AnalisiDati/Province/VATrend.pdf  used on input l
ine 358.
(pdftex.def)             Requested size: 390.0pt x 243.74634pt.

Package fancyhdr Warning: \headheight is too small (12.0pt): 
(fancyhdr)                Make it at least 14.49998pt, for example:
(fancyhdr)                \setlength{\headheight}{14.49998pt}.
(fancyhdr)                You might also make \topmargin smaller to compensate:

(fancyhdr)                \addtolength{\topmargin}{-2.49998pt}.

[54 <./File/AnalisiDati/Province/SOTrend.pdf>]

LaTeX Warning: `h' float specifier changed to `ht'.

)

Package fancyhdr Warning: \headheight is too small (12.0pt): 
(fancyhdr)                Make it at least 14.49998pt, for example:
(fancyhdr)                \setlength{\headheight}{14.49998pt}.
(fancyhdr)                You might also make \topmargin smaller to compensate:

(fancyhdr)                \addtolength{\topmargin}{-2.49998pt}.

[55 <./File/AnalisiDati/Province/VATrend.pdf>] (./Capitoli/AQI.tex

Package fancyhdr Warning: \headheight is too small (12.0pt): 
(fancyhdr)                Make it at least 14.49998pt, for example:
(fancyhdr)                \setlength{\headheight}{14.49998pt}.
(fancyhdr)                You might also make \topmargin smaller to compensate:

(fancyhdr)                \addtolength{\topmargin}{-2.49998pt}.

[56]
Overfull \hbox (8.71512pt too wide) in paragraph at lines 69--71
\T1/cmr/m/n/12 Looking at the ta-ble con-tain-ing the air qual-ity in-dices for
 the dif-fer-ent provinces
 []

)

Package fancyhdr Warning: \headheight is too small (12.0pt): 
(fancyhdr)                Make it at least 14.49998pt, for example:
(fancyhdr)                \setlength{\headheight}{14.49998pt}.
(fancyhdr)                You might also make \topmargin smaller to compensate:

(fancyhdr)                \addtolength{\topmargin}{-2.49998pt}.

[57] (./Capitoli/Conclusioni.tex)

Package fancyhdr Warning: \headheight is too small (12.0pt): 
(fancyhdr)                Make it at least 14.49998pt, for example:
(fancyhdr)                \setlength{\headheight}{14.49998pt}.
(fancyhdr)                You might also make \topmargin smaller to compensate:

(fancyhdr)                \addtolength{\topmargin}{-2.49998pt}.

[58] (./Capitoli/Bibliografia.tex
Underfull \hbox (badness 10000) in paragraph at lines 5--8
\T1/cmtt/m/n/12 lombardia . it / Ambiente / Dati-[]sensori-[]aria / nicp-[]bhqi
 / about _
 []


Underfull \hbox (badness 5274) in paragraph at lines 10--13
[]\T1/cmr/m/n/12 ARPA Lom-bar-dia, \T1/cmr/m/it/12 ARPA Air Qual-ity Dataset\T1
/cmr/m/n/12 , []$\T1/cmtt/m/n/12 https : / / www .
 []


Underfull \hbox (badness 10000) in paragraph at lines 10--13
\T1/cmtt/m/n/12 dati . lombardia . it / Ambiente / Dati-[]sensori-[]aria-[]dal-
[]2018 /
 []


Underfull \hbox (badness 4531) in paragraph at lines 15--19
[]\T1/cmr/m/n/12 ARPA Lom-bar-dia, \T1/cmr/m/it/12 ARPA Mon-i-tor-ing Sta-tion 
Dataset\T1/cmr/m/n/12 , []$\T1/cmtt/m/n/12 https :
 []


Underfull \hbox (badness 10000) in paragraph at lines 15--19
\T1/cmtt/m/n/12 / / www . dati . lombardia . it / Ambiente / Stazioni-[]qualit-
[]dell-[]aria /
 []


Underfull \hbox (badness 10000) in paragraph at lines 15--19
\T1/cmtt/m/n/12 ib47-[]atvt / about _ data$[]\T1/cmr/m/n/12 , []$\T1/cmtt/m/n/1
2 https : / / www . dati . lombardia . it /
 []


Underfull \hbox (badness 10000) in paragraph at lines 15--19
\T1/cmtt/m/n/12 Ambiente / Stazioni-[]qualit-[]dell-[]aria-[]NRT / 9xaz-[]9vbz 
/ about _
 []


Underfull \hbox (badness 10000) in paragraph at lines 21--24
[]\T1/cmr/m/n/12 Lombardy GEO-J-SON, \T1/cmr/m/it/12 Lom-bardy GEO-J-SON\T1/cmr
/m/n/12 , []$\T1/cmtt/m/n/12 https : / /
 []


Underfull \hbox (badness 10000) in paragraph at lines 26--29
[]\T1/cmr/m/n/12 Air Qual-ity In-dex, \T1/cmr/m/it/12 Air Qual-ity In-dex\T1/cm
r/m/n/12 , []$\T1/cmtt/m/n/12 https : / / www .
 []


Underfull \hbox (badness 10000) in paragraph at lines 26--29
\T1/cmtt/m/n/12 arpalombardia . it / temi-[]ambientali / aria / modellistica /
 []


Underfull \hbox (badness 10000) in paragraph at lines 31--34
[]\T1/cmr/m/n/12 ARPA site, \T1/cmr/m/it/12 ARPA site\T1/cmr/m/n/12 , []$\T1/cm
tt/m/n/12 https : / / www . arpalombardia . it /
 []


Underfull \hbox (badness 10000) in paragraph at lines 36--39
[]\T1/cmr/m/n/12 Black Car-bon, \T1/cmr/m/it/12 Black Car-bon\T1/cmr/m/n/12 , [
]$\T1/cmtt/m/n/12 https : / / www .
 []


Underfull \hbox (badness 10000) in paragraph at lines 36--39
\T1/cmtt/m/n/12 arpalombardia . it / temi-[]ambientali / aria / inquinanti /
 []


Underfull \hbox (badness 2662) in paragraph at lines 51--54
[]\T1/cmr/m/n/12 Substance lim-its, \T1/cmr/m/it/12 NH3 lim-its\T1/cmr/m/n/12 ,
 []$\T1/cmtt/m/n/12 https : / / www . regione . lombardia .
 []


Underfull \hbox (badness 10000) in paragraph at lines 51--54
\T1/cmtt/m/n/12 it / wps / portal / istituzionale / HP / DettaglioRedazionale /

 []


Underfull \hbox (badness 10000) in paragraph at lines 51--54
\T1/cmtt/m/n/12 servizi-[]e-[]informazioni / cittadini / salute-[]e-[]prevenzio
ne /
 []


Underfull \hbox (badness 10000) in paragraph at lines 51--54
\T1/cmtt/m/n/12 Sicurezza-[]negli-[]ambienti-[]di-[]vita-[]e-[]di-[]lavoro /
 []

)

Package fancyhdr Warning: \headheight is too small (12.0pt): 
(fancyhdr)                Make it at least 14.49998pt, for example:
(fancyhdr)                \setlength{\headheight}{14.49998pt}.
(fancyhdr)                You might also make \topmargin smaller to compensate:

(fancyhdr)                \addtolength{\topmargin}{-2.49998pt}.

[59] (./Report HIS.aux)
Package rerunfilecheck Info: File `"Report HIS".out' has not changed.
(rerunfilecheck)             Checksum: F0476A606FFFCEFC06E0392523782871;5827.
 ) 
Here is how much of TeX's memory you used:
 16676 strings out of 478268
 268809 string characters out of 5846348
 925845 words of memory out of 5000000
 34273 multiletter control sequences out of 15000+600000
 486609 words of font info for 67 fonts, out of 8000000 for 9000
 1141 hyphenation exceptions out of 8191
 60i,17n,63p,723b,1941s stack positions out of 10000i,1000n,20000p,200000b,200000s

pdfTeX warning (dest): name{Hfootnote.1} has been referenced but does not exist
, replaced by a fixed one

{/usr/local/texlive/2022/texmf-dist/fonts/enc/dvips/cm-super/cm-super-t1.enc}{/
usr/local/texlive/2022/texmf-dist/fonts/enc/dvips/cm-super/cm-super-ts1.enc}</u
sr/local/texlive/2022/texmf-dist/fonts/type1/public/amsfonts/cm/cmmi10.pfb></us
r/local/texlive/2022/texmf-dist/fonts/type1/public/amsfonts/cm/cmmi12.pfb></usr
/local/texlive/2022/texmf-dist/fonts/type1/public/amsfonts/cm/cmr8.pfb></usr/lo
cal/texlive/2022/texmf-dist/fonts/type1/public/amsfonts/cm/cmsy10.pfb></usr/loc
al/texlive/2022/texmf-dist/fonts/type1/public/cm-super/sfbx1095.pfb></usr/local
/texlive/2022/texmf-dist/fonts/type1/public/cm-super/sfbx1200.pfb></usr/local/t
exlive/2022/texmf-dist/fonts/type1/public/cm-super/sfbx1440.pfb></usr/local/tex
live/2022/texmf-dist/fonts/type1/public/cm-super/sfbx1728.pfb></usr/local/texli
ve/2022/texmf-dist/fonts/type1/public/cm-super/sfit1000.pfb></usr/local/texlive
/2022/texmf-dist/fonts/type1/public/cm-super/sfrm0800.pfb></usr/local/texlive/2
022/texmf-dist/fonts/type1/public/cm-super/sfrm1095.pfb></usr/local/texlive/202
2/texmf-dist/fonts/type1/public/cm-super/sfrm1200.pfb></usr/local/texlive/2022/
texmf-dist/fonts/type1/public/cm-super/sfrm1440.pfb></usr/local/texlive/2022/te
xmf-dist/fonts/type1/public/cm-super/sfrm2074.pfb></usr/local/texlive/2022/texm
f-dist/fonts/type1/public/cm-super/sfti1200.pfb></usr/local/texlive/2022/texmf-
dist/fonts/type1/public/cm-super/sftt1000.pfb></usr/local/texlive/2022/texmf-di
st/fonts/type1/public/cm-super/sftt1200.pfb>
Output written on "Report HIS.pdf" (59 pages, 7169236 bytes).
PDF statistics:
 1316 PDF objects out of 1440 (max. 8388607)
 1081 compressed objects within 11 object streams
 325 named destinations out of 1000 (max. 500000)
 546 words of extra memory for PDF output out of 10000 (max. 10000000)

